c:\users\sasha\source\repos\game1\x64\debug\vc143.pdb
c:\users\sasha\source\repos\game1\x64\debug\vc143.idb
c:\users\sasha\source\repos\game1\x64\debug\tinyxmlparser.obj
c:\users\sasha\source\repos\game1\x64\debug\tinyxmlerror.obj
c:\users\sasha\source\repos\game1\x64\debug\tinyxml.obj
c:\users\sasha\source\repos\game1\x64\debug\tinystr.obj
c:\users\sasha\source\repos\game1\x64\debug\main.obj
c:\users\sasha\source\repos\game1\x64\debug\gamemenu.obj
c:\users\sasha\source\repos\game1\x64\debug\enemy.obj
c:\users\sasha\source\repos\game1\x64\debug\bullet.obj
c:\users\sasha\source\repos\game1\x64\debug\player.obj
c:\users\sasha\source\repos\game1\x64\debug\project1.exe
c:\users\sasha\source\repos\game1\x64\debug\project1.ilk
c:\users\sasha\source\repos\game1\x64\debug\project1.pdb
c:\users\sasha\source\repos\game1\x64\debug\bullettest.obj
c:\users\sasha\source\repos\game1\x64\debug\enemyspawner.obj
c:\users\sasha\source\repos\game1\x64\debug\func.obj
c:\users\sasha\source\repos\game1\x64\debug\main.obj.enc
c:\users\sasha\source\repos\game1\x64\debug\project1.tlog\cl.command.1.tlog
c:\users\sasha\source\repos\game1\x64\debug\project1.tlog\cl.items.tlog
c:\users\sasha\source\repos\game1\x64\debug\project1.tlog\cl.read.1.tlog
c:\users\sasha\source\repos\game1\x64\debug\project1.tlog\cl.write.1.tlog
c:\users\sasha\source\repos\game1\x64\debug\project1.tlog\link.command.1.tlog
c:\users\sasha\source\repos\game1\x64\debug\project1.tlog\link.read.1.tlog
c:\users\sasha\source\repos\game1\x64\debug\project1.tlog\link.write.1.tlog
